Watching for file changes with StatReloader
Watching for file changes with StatReloader
"OPTIONS /api/v1/architectures/ HTTP/1.1" 200 0
"GET /api/v1/architectures/ HTTP/1.1" 200 52
"OPTIONS /api/v1/dashboard/statistiques_globales/ HTTP/1.1" 200 0
"GET /api/v1/dashboard/statistiques_globales/ HTTP/1.1" 200 411
"POST /api/v1/architectures/ HTTP/1.1" 201 107
"GET /api/v1/dashboard/statistiques_globales/ HTTP/1.1" 200 466
"GET /api/v1/architectures/ HTTP/1.1" 200 361
"GET /api/v1/dashboard/statistiques_globales/ HTTP/1.1" 200 466
"GET /api/v1/architectures/ HTTP/1.1" 200 361
"GET /api/v1/dashboard/statistiques_globales/ HTTP/1.1" 200 466
"GET /api/v1/architectures/ HTTP/1.1" 200 361
"GET /api/v1/dashboard/statistiques_globales/ HTTP/1.1" 200 466
"GET /api/v1/architectures/ HTTP/1.1" 200 361
"GET /api/v1/dashboard/statistiques_globales/ HTTP/1.1" 200 466
"POST /api/v1/architectures/ HTTP/1.1" 201 71
"GET /api/v1/dashboard/statistiques_globales/ HTTP/1.1" 200 481
"GET /api/v1/architectures/ HTTP/1.1" 200 635
"GET /api/v1/dashboard/statistiques_globales/ HTTP/1.1" 200 481
"OPTIONS /api/v1/architectures/398fe9cd-b23b-422b-a25e-9baf1a2b60ba/ HTTP/1.1" 200 0
"DELETE /api/v1/architectures/398fe9cd-b23b-422b-a25e-9baf1a2b60ba/ HTTP/1.1" 204 0
"GET /api/v1/dashboard/statistiques_globales/ HTTP/1.1" 200 466
"POST /api/v1/architectures/ HTTP/1.1" 201 72
"GET /api/v1/dashboard/statistiques_globales/ HTTP/1.1" 200 482
"GET /api/v1/architectures/ HTTP/1.1" 200 636
"GET /api/v1/dashboard/statistiques_globales/ HTTP/1.1" 200 482
"OPTIONS /api/v1/architectures/67d50a1e-2cb9-440f-981e-b14c1a2713ff/ HTTP/1.1" 200 0
"OPTIONS /api/v1/actifs/?architecture=67d50a1e-2cb9-440f-981e-b14c1a2713ff HTTP/1.1" 200 0
"OPTIONS /api/v1/types-actifs/ HTTP/1.1" 200 0
"GET /api/v1/types-actifs/ HTTP/1.1" 200 52
"GET /api/v1/architectures/67d50a1e-2cb9-440f-981e-b14c1a2713ff/ HTTP/1.1" 200 312
"GET /api/v1/actifs/?architecture=67d50a1e-2cb9-440f-981e-b14c1a2713ff HTTP/1.1" 200 52
"OPTIONS /api/v1/actifs/ HTTP/1.1" 200 0
"GET /api/v1/types-actifs/ HTTP/1.1" 200 52
"GET /api/v1/architectures/ HTTP/1.1" 200 636
"GET /api/v1/actifs/ HTTP/1.1" 200 52
"GET /admin/api/typeactif/add/ HTTP/1.1" 302 0
"GET /admin/login/?next=/admin/api/typeactif/add/ HTTP/1.1" 200 4284
"GET /static/admin/css/dark_mode.css HTTP/1.1" 200 2808
"GET /static/admin/css/base.css HTTP/1.1" 200 22120
"GET /static/admin/css/login.css HTTP/1.1" 200 951
"GET /static/admin/css/nav_sidebar.css HTTP/1.1" 200 2810
"GET /static/admin/js/theme.js HTTP/1.1" 200 1653
"GET /static/admin/css/responsive.css HTTP/1.1" 200 16565
"GET /static/admin/js/nav_sidebar.js HTTP/1.1" 200 3063
Not Found: /favicon.ico
"GET /favicon.ico HTTP/1.1" 404 3243
Watching for file changes with StatReloader
"POST /admin/login/?next=/admin/api/typeactif/add/ HTTP/1.1" 302 0
"GET /admin/api/typeactif/add/ HTTP/1.1" 200 15795
"GET /static/admin/css/forms.css HTTP/1.1" 200 8525
"GET /admin/jsi18n/ HTTP/1.1" 200 8634
"GET /static/admin/js/jquery.init.js HTTP/1.1" 200 347
"GET /static/admin/css/widgets.css HTTP/1.1" 200 11991
"GET /static/admin/js/core.js HTTP/1.1" 200 6208
"GET /static/admin/js/admin/RelatedObjectLookups.js HTTP/1.1" 200 9777
"GET /static/admin/js/actions.js HTTP/1.1" 200 8076
"GET /static/admin/js/urlify.js HTTP/1.1" 200 7887
"GET /static/admin/js/vendor/jquery/jquery.js HTTP/1.1" 200 285314
"GET /static/admin/js/prepopulate.js HTTP/1.1" 200 1531
"GET /static/admin/js/prepopulate_init.js HTTP/1.1" 200 586
"GET /static/admin/js/change_form.js HTTP/1.1" 200 606
"GET /static/admin/js/vendor/xregexp/xregexp.js HTTP/1.1" 200 325171
"GET /static/admin/img/icon-addlink.svg HTTP/1.1" 200 331
"GET /admin/api/typeactif/ HTTP/1.1" 200 14714
"GET /static/admin/img/search.svg HTTP/1.1" 200 458
"GET /static/admin/css/changelists.css HTTP/1.1" 200 6878
"GET /static/admin/js/filters.js HTTP/1.1" 200 978
"GET /admin/jsi18n/ HTTP/1.1" 200 8634
"GET /static/admin/img/tooltag-add.svg HTTP/1.1" 200 331
"GET /admin/api/typeactif/add/ HTTP/1.1" 200 15795
"GET /admin/jsi18n/ HTTP/1.1" 200 8634
"POST /admin/api/typeactif/add/ HTTP/1.1" 302 0
"GET /admin/api/typeactif/ HTTP/1.1" 200 17190
"GET /admin/jsi18n/ HTTP/1.1" 200 8634
"GET /static/admin/img/icon-yes.svg HTTP/1.1" 200 436
"GET /static/admin/img/sorting-icons.svg HTTP/1.1" 200 1097
"GET /admin/api/typeactif/add/ HTTP/1.1" 200 15795
"GET /admin/jsi18n/ HTTP/1.1" 200 8634
"POST /admin/api/typeactif/add/ HTTP/1.1" 302 0
"GET /admin/api/typeactif/add/ HTTP/1.1" 200 16136
"GET /admin/jsi18n/ HTTP/1.1" 200 8634
"POST /admin/api/typeactif/add/ HTTP/1.1" 302 0
"GET /admin/api/typeactif/add/ HTTP/1.1" 200 16138
"GET /admin/jsi18n/ HTTP/1.1" 200 8634
"GET /api/v1/actifs/ HTTP/1.1" 200 52
"GET /api/v1/types-actifs/ HTTP/1.1" 200 621
"GET /api/v1/architectures/ HTTP/1.1" 200 636
"POST /api/v1/actifs/ HTTP/1.1" 201 222
"GET /api/v1/architectures/ HTTP/1.1" 200 636
"GET /api/v1/dashboard/statistiques_globales/ HTTP/1.1" 200 491
"OPTIONS /api/v1/architectures/bcf66a9a-925b-4a8e-86a7-e81f8e84fc28/ HTTP/1.1" 200 0
"OPTIONS /api/v1/actifs/?architecture=bcf66a9a-925b-4a8e-86a7-e81f8e84fc28 HTTP/1.1" 200 0
"GET /api/v1/types-actifs/ HTTP/1.1" 200 621
"GET /api/v1/actifs/?architecture=bcf66a9a-925b-4a8e-86a7-e81f8e84fc28 HTTP/1.1" 200 444
"GET /api/v1/architectures/bcf66a9a-925b-4a8e-86a7-e81f8e84fc28/ HTTP/1.1" 200 748
"POST /api/v1/actifs/ HTTP/1.1" 201 208
"GET /api/v1/actifs/?architecture=bcf66a9a-925b-4a8e-86a7-e81f8e84fc28 HTTP/1.1" 200 825
"OPTIONS /api/v1/actifs/1bbfd33c-c6ce-4d6d-89c8-dffbbb41585c/ HTTP/1.1" 200 0
"OPTIONS /api/v1/actifs/1bbfd33c-c6ce-4d6d-89c8-dffbbb41585c/attributs_securite/ HTTP/1.1" 200 0
"GET /api/v1/types-actifs/ HTTP/1.1" 200 621
"GET /api/v1/actifs/1bbfd33c-c6ce-4d6d-89c8-dffbbb41585c/attributs_securite/ HTTP/1.1" 200 2
"GET /api/v1/actifs/1bbfd33c-c6ce-4d6d-89c8-dffbbb41585c/ HTTP/1.1" 200 483
"GET /api/v1/architectures/bcf66a9a-925b-4a8e-86a7-e81f8e84fc28/ HTTP/1.1" 200 1142
"GET /api/v1/actifs/1bbfd33c-c6ce-4d6d-89c8-dffbbb41585c/attributs_securite/ HTTP/1.1" 200 2
"OPTIONS /api/v1/actifs/1bbfd33c-c6ce-4d6d-89c8-dffbbb41585c/ajouter_attribut/ HTTP/1.1" 200 0
"POST /api/v1/actifs/1bbfd33c-c6ce-4d6d-89c8-dffbbb41585c/ajouter_attribut/ HTTP/1.1" 201 361
Bad Request: /api/v1/actifs/1bbfd33c-c6ce-4d6d-89c8-dffbbb41585c/ajouter_attribut/
"POST /api/v1/actifs/1bbfd33c-c6ce-4d6d-89c8-dffbbb41585c/ajouter_attribut/ HTTP/1.1" 400 91
Bad Request: /api/v1/actifs/1bbfd33c-c6ce-4d6d-89c8-dffbbb41585c/ajouter_attribut/
"POST /api/v1/actifs/1bbfd33c-c6ce-4d6d-89c8-dffbbb41585c/ajouter_attribut/ HTTP/1.1" 400 91
Bad Request: /api/v1/actifs/1bbfd33c-c6ce-4d6d-89c8-dffbbb41585c/ajouter_attribut/
"POST /api/v1/actifs/1bbfd33c-c6ce-4d6d-89c8-dffbbb41585c/ajouter_attribut/ HTTP/1.1" 400 91
Bad Request: /api/v1/actifs/1bbfd33c-c6ce-4d6d-89c8-dffbbb41585c/ajouter_attribut/
"POST /api/v1/actifs/1bbfd33c-c6ce-4d6d-89c8-dffbbb41585c/ajouter_attribut/ HTTP/1.1" 400 91
"POST /api/v1/actifs/1bbfd33c-c6ce-4d6d-89c8-dffbbb41585c/ajouter_attribut/ HTTP/1.1" 201 353
"POST /api/v1/actifs/1bbfd33c-c6ce-4d6d-89c8-dffbbb41585c/ajouter_attribut/ HTTP/1.1" 201 358
"GET /api/v1/types-actifs/ HTTP/1.1" 200 621
"GET /api/v1/actifs/1bbfd33c-c6ce-4d6d-89c8-dffbbb41585c/ HTTP/1.1" 200 1559
"GET /api/v1/actifs/1bbfd33c-c6ce-4d6d-89c8-dffbbb41585c/attributs_securite/ HTTP/1.1" 200 1076
"GET /api/v1/architectures/bcf66a9a-925b-4a8e-86a7-e81f8e84fc28/ HTTP/1.1" 200 1146
"GET /api/v1/actifs/1bbfd33c-c6ce-4d6d-89c8-dffbbb41585c/attributs_securite/ HTTP/1.1" 200 1076
"OPTIONS /api/v1/attributs-securite/fc69e202-3e78-4f1e-a21f-2a8acee329cd/ HTTP/1.1" 200 0
"GET /api/v1/actifs/ HTTP/1.1" 200 827
"GET /api/v1/attributs-securite/fc69e202-3e78-4f1e-a21f-2a8acee329cd/ HTTP/1.1" 200 586
"OPTIONS /api/v1/attributs-securite/fc69e202-3e78-4f1e-a21f-2a8acee329cd/menaces/ HTTP/1.1" 200 0
"GET /api/v1/attributs-securite/fc69e202-3e78-4f1e-a21f-2a8acee329cd/menaces/ HTTP/1.1" 200 2
"OPTIONS /api/v1/attributs-securite/fc69e202-3e78-4f1e-a21f-2a8acee329cd/creer_menace/ HTTP/1.1" 200 0
"POST /api/v1/attributs-securite/fc69e202-3e78-4f1e-a21f-2a8acee329cd/creer_menace/ HTTP/1.1" 201 808
"GET /api/v1/attributs-securite/fc69e202-3e78-4f1e-a21f-2a8acee329cd/menaces/ HTTP/1.1" 200 1200
"GET /api/v1/types-actifs/ HTTP/1.1" 200 621
"GET /api/v1/actifs/1bbfd33c-c6ce-4d6d-89c8-dffbbb41585c/attributs_securite/ HTTP/1.1" 200 1082
"GET /api/v1/actifs/1bbfd33c-c6ce-4d6d-89c8-dffbbb41585c/ HTTP/1.1" 200 1571
"GET /api/v1/architectures/bcf66a9a-925b-4a8e-86a7-e81f8e84fc28/ HTTP/1.1" 200 1165
"GET /api/v1/actifs/1bbfd33c-c6ce-4d6d-89c8-dffbbb41585c/attributs_securite/ HTTP/1.1" 200 1082
"GET /api/v1/attributs-securite/fc69e202-3e78-4f1e-a21f-2a8acee329cd/ HTTP/1.1" 200 1802
"GET /api/v1/actifs/ HTTP/1.1" 200 833
"GET /api/v1/attributs-securite/fc69e202-3e78-4f1e-a21f-2a8acee329cd/menaces/ HTTP/1.1" 200 1200
"OPTIONS /api/v1/menaces/092de04f-0298-4a73-831f-d5d805d3009e/vue_complete/ HTTP/1.1" 200 0
"GET /api/v1/menaces/092de04f-0298-4a73-831f-d5d805d3009e/vue_complete/ HTTP/1.1" 200 649
"GET /api/v1/actifs/ HTTP/1.1" 200 833
"GET /api/v1/attributs-securite/fc69e202-3e78-4f1e-a21f-2a8acee329cd/ HTTP/1.1" 200 1802
"GET /api/v1/attributs-securite/fc69e202-3e78-4f1e-a21f-2a8acee329cd/menaces/ HTTP/1.1" 200 1200
"GET /api/v1/types-actifs/ HTTP/1.1" 200 621
"GET /api/v1/actifs/1bbfd33c-c6ce-4d6d-89c8-dffbbb41585c/attributs_securite/ HTTP/1.1" 200 1082
"GET /api/v1/actifs/1bbfd33c-c6ce-4d6d-89c8-dffbbb41585c/ HTTP/1.1" 200 1571
"GET /api/v1/architectures/bcf66a9a-925b-4a8e-86a7-e81f8e84fc28/ HTTP/1.1" 200 1165
"GET /api/v1/actifs/1bbfd33c-c6ce-4d6d-89c8-dffbbb41585c/attributs_securite/ HTTP/1.1" 200 1082
"GET /api/v1/actifs/ HTTP/1.1" 200 833
"GET /api/v1/attributs-securite/fc69e202-3e78-4f1e-a21f-2a8acee329cd/ HTTP/1.1" 200 1802
"GET /api/v1/attributs-securite/fc69e202-3e78-4f1e-a21f-2a8acee329cd/menaces/ HTTP/1.1" 200 1200
"GET /api/v1/types-actifs/ HTTP/1.1" 200 621
"GET /api/v1/actifs/1bbfd33c-c6ce-4d6d-89c8-dffbbb41585c/attributs_securite/ HTTP/1.1" 200 1082
"GET /api/v1/actifs/1bbfd33c-c6ce-4d6d-89c8-dffbbb41585c/ HTTP/1.1" 200 1571
"GET /api/v1/architectures/bcf66a9a-925b-4a8e-86a7-e81f8e84fc28/ HTTP/1.1" 200 1165
"GET /api/v1/actifs/1bbfd33c-c6ce-4d6d-89c8-dffbbb41585c/attributs_securite/ HTTP/1.1" 200 1082
"GET /api/v1/actifs/ HTTP/1.1" 200 833
"GET /api/v1/attributs-securite/fc69e202-3e78-4f1e-a21f-2a8acee329cd/ HTTP/1.1" 200 1802
"GET /api/v1/attributs-securite/fc69e202-3e78-4f1e-a21f-2a8acee329cd/menaces/ HTTP/1.1" 200 1200
"POST /api/v1/attributs-securite/fc69e202-3e78-4f1e-a21f-2a8acee329cd/creer_menace/ HTTP/1.1" 201 782
"GET /api/v1/attributs-securite/fc69e202-3e78-4f1e-a21f-2a8acee329cd/menaces/ HTTP/1.1" 200 2373
"GET /api/v1/types-actifs/ HTTP/1.1" 200 621
"GET /api/v1/actifs/1bbfd33c-c6ce-4d6d-89c8-dffbbb41585c/ HTTP/1.1" 200 1574
"GET /api/v1/actifs/1bbfd33c-c6ce-4d6d-89c8-dffbbb41585c/attributs_securite/ HTTP/1.1" 200 1085
"GET /api/v1/architectures/bcf66a9a-925b-4a8e-86a7-e81f8e84fc28/ HTTP/1.1" 200 1165
"GET /api/v1/actifs/1bbfd33c-c6ce-4d6d-89c8-dffbbb41585c/attributs_securite/ HTTP/1.1" 200 1085
"GET /api/v1/actifs/ HTTP/1.1" 200 833
"GET /api/v1/attributs-securite/fc69e202-3e78-4f1e-a21f-2a8acee329cd/ HTTP/1.1" 200 2979
"GET /api/v1/attributs-securite/fc69e202-3e78-4f1e-a21f-2a8acee329cd/menaces/ HTTP/1.1" 200 2373
"GET /api/v1/types-actifs/ HTTP/1.1" 200 621
"GET /api/v1/actifs/1bbfd33c-c6ce-4d6d-89c8-dffbbb41585c/attributs_securite/ HTTP/1.1" 200 1085
"GET /api/v1/actifs/1bbfd33c-c6ce-4d6d-89c8-dffbbb41585c/ HTTP/1.1" 200 1574
"GET /api/v1/architectures/bcf66a9a-925b-4a8e-86a7-e81f8e84fc28/ HTTP/1.1" 200 1165
"GET /api/v1/actifs/1bbfd33c-c6ce-4d6d-89c8-dffbbb41585c/attributs_securite/ HTTP/1.1" 200 1085
"GET /api/v1/actifs/ HTTP/1.1" 200 833
"GET /api/v1/attributs-securite/fc69e202-3e78-4f1e-a21f-2a8acee329cd/ HTTP/1.1" 200 2979
"GET /api/v1/attributs-securite/fc69e202-3e78-4f1e-a21f-2a8acee329cd/menaces/ HTTP/1.1" 200 2373
"GET /api/v1/menaces/092de04f-0298-4a73-831f-d5d805d3009e/vue_complete/ HTTP/1.1" 200 649
"GET /api/v1/menaces/092de04f-0298-4a73-831f-d5d805d3009e/vue_complete/ HTTP/1.1" 200 649
Watching for file changes with StatReloader
Watching for file changes with StatReloader
"GET /api/v1/architectures/ HTTP/1.1" 200 643
"GET /api/v1/dashboard/statistiques_globales/ HTTP/1.1" 200 525
"GET /api/v1/types-actifs/ HTTP/1.1" 200 621
"GET /api/v1/actifs/?architecture=bcf66a9a-925b-4a8e-86a7-e81f8e84fc28 HTTP/1.1" 200 833
"GET /api/v1/architectures/bcf66a9a-925b-4a8e-86a7-e81f8e84fc28/ HTTP/1.1" 200 1165
"GET /api/v1/actifs/1bbfd33c-c6ce-4d6d-89c8-dffbbb41585c/attributs_securite/ HTTP/1.1" 200 1085
"GET /api/v1/actifs/1bbfd33c-c6ce-4d6d-89c8-dffbbb41585c/ HTTP/1.1" 200 1574
"GET /api/v1/types-actifs/ HTTP/1.1" 200 621
"GET /api/v1/architectures/bcf66a9a-925b-4a8e-86a7-e81f8e84fc28/ HTTP/1.1" 200 1165
"GET /api/v1/actifs/1bbfd33c-c6ce-4d6d-89c8-dffbbb41585c/attributs_securite/ HTTP/1.1" 200 1085
"GET /api/v1/attributs-securite/fc69e202-3e78-4f1e-a21f-2a8acee329cd/ HTTP/1.1" 200 2979
"GET /api/v1/actifs/ HTTP/1.1" 200 833
"GET /api/v1/attributs-securite/fc69e202-3e78-4f1e-a21f-2a8acee329cd/menaces/ HTTP/1.1" 200 2373
"GET /api/v1/types-actifs/ HTTP/1.1" 200 621
"GET /api/v1/actifs/1bbfd33c-c6ce-4d6d-89c8-dffbbb41585c/attributs_securite/ HTTP/1.1" 200 1085
"GET /api/v1/actifs/1bbfd33c-c6ce-4d6d-89c8-dffbbb41585c/ HTTP/1.1" 200 1574
"GET /api/v1/architectures/bcf66a9a-925b-4a8e-86a7-e81f8e84fc28/ HTTP/1.1" 200 1165
"GET /api/v1/actifs/1bbfd33c-c6ce-4d6d-89c8-dffbbb41585c/attributs_securite/ HTTP/1.1" 200 1085
"GET /api/v1/actifs/?architecture=bcf66a9a-925b-4a8e-86a7-e81f8e84fc28 HTTP/1.1" 200 833
"GET /api/v1/architectures/bcf66a9a-925b-4a8e-86a7-e81f8e84fc28/ HTTP/1.1" 200 1165
"GET /api/v1/types-actifs/ HTTP/1.1" 200 621
"OPTIONS /api/v1/actifs/150b4e03-3b47-4455-8b9e-21c07f00226c/ HTTP/1.1" 200 0
"OPTIONS /api/v1/actifs/150b4e03-3b47-4455-8b9e-21c07f00226c/attributs_securite/ HTTP/1.1" 200 0
"GET /api/v1/actifs/150b4e03-3b47-4455-8b9e-21c07f00226c/attributs_securite/ HTTP/1.1" 200 2
"GET /api/v1/types-actifs/ HTTP/1.1" 200 621
"GET /api/v1/actifs/150b4e03-3b47-4455-8b9e-21c07f00226c/ HTTP/1.1" 200 471
"GET /api/v1/architectures/bcf66a9a-925b-4a8e-86a7-e81f8e84fc28/ HTTP/1.1" 200 1165
"GET /api/v1/actifs/150b4e03-3b47-4455-8b9e-21c07f00226c/attributs_securite/ HTTP/1.1" 200 2
"OPTIONS /api/v1/actifs/150b4e03-3b47-4455-8b9e-21c07f00226c/ajouter_attribut/ HTTP/1.1" 200 0
"POST /api/v1/actifs/150b4e03-3b47-4455-8b9e-21c07f00226c/ajouter_attribut/ HTTP/1.1" 201 343
"OPTIONS /api/v1/attributs-securite/5aa18c9b-eb71-497f-84bc-f55ae9b7ab67/ HTTP/1.1" 200 0
"GET /api/v1/attributs-securite/5aa18c9b-eb71-497f-84bc-f55ae9b7ab67/ HTTP/1.1" 200 568
"GET /api/v1/actifs/ HTTP/1.1" 200 835
"OPTIONS /api/v1/attributs-securite/5aa18c9b-eb71-497f-84bc-f55ae9b7ab67/menaces/ HTTP/1.1" 200 0
"GET /api/v1/attributs-securite/5aa18c9b-eb71-497f-84bc-f55ae9b7ab67/menaces/ HTTP/1.1" 200 2
"OPTIONS /api/v1/attributs-securite/5aa18c9b-eb71-497f-84bc-f55ae9b7ab67/creer_menace/ HTTP/1.1" 200 0
"POST /api/v1/attributs-securite/5aa18c9b-eb71-497f-84bc-f55ae9b7ab67/creer_menace/ HTTP/1.1" 201 765
"GET /api/v1/attributs-securite/5aa18c9b-eb71-497f-84bc-f55ae9b7ab67/menaces/ HTTP/1.1" 200 1145
"POST /api/v1/attributs-securite/5aa18c9b-eb71-497f-84bc-f55ae9b7ab67/creer_menace/ HTTP/1.1" 201 753
"GET /api/v1/attributs-securite/5aa18c9b-eb71-497f-84bc-f55ae9b7ab67/menaces/ HTTP/1.1" 200 2277
"GET /api/v1/types-actifs/ HTTP/1.1" 200 621
"GET /api/v1/actifs/150b4e03-3b47-4455-8b9e-21c07f00226c/ HTTP/1.1" 200 824
"GET /api/v1/actifs/150b4e03-3b47-4455-8b9e-21c07f00226c/attributs_securite/ HTTP/1.1" 200 349
"GET /api/v1/architectures/bcf66a9a-925b-4a8e-86a7-e81f8e84fc28/ HTTP/1.1" 200 1177
"GET /api/v1/actifs/150b4e03-3b47-4455-8b9e-21c07f00226c/attributs_securite/ HTTP/1.1" 200 349
"GET /api/v1/actifs/ HTTP/1.1" 200 839
"GET /api/v1/attributs-securite/5aa18c9b-eb71-497f-84bc-f55ae9b7ab67/ HTTP/1.1" 200 2854
"GET /api/v1/attributs-securite/5aa18c9b-eb71-497f-84bc-f55ae9b7ab67/menaces/ HTTP/1.1" 200 2277
"GET /api/v1/types-actifs/ HTTP/1.1" 200 621
"GET /api/v1/actifs/150b4e03-3b47-4455-8b9e-21c07f00226c/attributs_securite/ HTTP/1.1" 200 349
"GET /api/v1/actifs/150b4e03-3b47-4455-8b9e-21c07f00226c/ HTTP/1.1" 200 824
"GET /api/v1/architectures/bcf66a9a-925b-4a8e-86a7-e81f8e84fc28/ HTTP/1.1" 200 1177
"GET /api/v1/actifs/150b4e03-3b47-4455-8b9e-21c07f00226c/attributs_securite/ HTTP/1.1" 200 349
"POST /api/v1/actifs/150b4e03-3b47-4455-8b9e-21c07f00226c/ajouter_attribut/ HTTP/1.1" 201 338
"OPTIONS /api/v1/attributs-securite/3b33d14d-21ea-4a4a-9c37-0d0f1f64d8d6/ HTTP/1.1" 200 0
"GET /api/v1/actifs/ HTTP/1.1" 200 839
"GET /api/v1/attributs-securite/3b33d14d-21ea-4a4a-9c37-0d0f1f64d8d6/ HTTP/1.1" 200 563
"OPTIONS /api/v1/attributs-securite/3b33d14d-21ea-4a4a-9c37-0d0f1f64d8d6/menaces/ HTTP/1.1" 200 0
"GET /api/v1/attributs-securite/3b33d14d-21ea-4a4a-9c37-0d0f1f64d8d6/menaces/ HTTP/1.1" 200 2
"OPTIONS /api/v1/attributs-securite/3b33d14d-21ea-4a4a-9c37-0d0f1f64d8d6/creer_menace/ HTTP/1.1" 200 0
"POST /api/v1/attributs-securite/3b33d14d-21ea-4a4a-9c37-0d0f1f64d8d6/creer_menace/ HTTP/1.1" 201 765
"GET /api/v1/attributs-securite/3b33d14d-21ea-4a4a-9c37-0d0f1f64d8d6/menaces/ HTTP/1.1" 200 1143
"GET /api/v1/types-actifs/ HTTP/1.1" 200 621
"GET /api/v1/actifs/150b4e03-3b47-4455-8b9e-21c07f00226c/attributs_securite/ HTTP/1.1" 200 690
"GET /api/v1/actifs/150b4e03-3b47-4455-8b9e-21c07f00226c/ HTTP/1.1" 200 1165
"GET /api/v1/architectures/bcf66a9a-925b-4a8e-86a7-e81f8e84fc28/ HTTP/1.1" 200 1177
"GET /api/v1/actifs/150b4e03-3b47-4455-8b9e-21c07f00226c/attributs_securite/ HTTP/1.1" 200 690
Bad Request: /api/v1/actifs/150b4e03-3b47-4455-8b9e-21c07f00226c/ajouter_attribut/
"POST /api/v1/actifs/150b4e03-3b47-4455-8b9e-21c07f00226c/ajouter_attribut/ HTTP/1.1" 400 91
Bad Request: /api/v1/actifs/150b4e03-3b47-4455-8b9e-21c07f00226c/ajouter_attribut/
"POST /api/v1/actifs/150b4e03-3b47-4455-8b9e-21c07f00226c/ajouter_attribut/ HTTP/1.1" 400 91
Bad Request: /api/v1/actifs/150b4e03-3b47-4455-8b9e-21c07f00226c/ajouter_attribut/
"POST /api/v1/actifs/150b4e03-3b47-4455-8b9e-21c07f00226c/ajouter_attribut/ HTTP/1.1" 400 91
Bad Request: /api/v1/actifs/150b4e03-3b47-4455-8b9e-21c07f00226c/ajouter_attribut/
"POST /api/v1/actifs/150b4e03-3b47-4455-8b9e-21c07f00226c/ajouter_attribut/ HTTP/1.1" 400 91
Bad Request: /api/v1/actifs/150b4e03-3b47-4455-8b9e-21c07f00226c/ajouter_attribut/
"POST /api/v1/actifs/150b4e03-3b47-4455-8b9e-21c07f00226c/ajouter_attribut/ HTTP/1.1" 400 91
Bad Request: /api/v1/actifs/150b4e03-3b47-4455-8b9e-21c07f00226c/ajouter_attribut/
"POST /api/v1/actifs/150b4e03-3b47-4455-8b9e-21c07f00226c/ajouter_attribut/ HTTP/1.1" 400 91
"GET /api/v1/actifs/ HTTP/1.1" 200 839
"GET /api/v1/attributs-securite/5aa18c9b-eb71-497f-84bc-f55ae9b7ab67/ HTTP/1.1" 200 2854
"GET /api/v1/attributs-securite/5aa18c9b-eb71-497f-84bc-f55ae9b7ab67/menaces/ HTTP/1.1" 200 2277
"OPTIONS /api/v1/menaces/e4d045ef-74c5-486e-8ec4-cac73ee5ade2/vue_complete/ HTTP/1.1" 200 0
"GET /api/v1/menaces/e4d045ef-74c5-486e-8ec4-cac73ee5ade2/vue_complete/ HTTP/1.1" 200 624
"GET /api/v1/menaces/e4d045ef-74c5-486e-8ec4-cac73ee5ade2/vue_complete/ HTTP/1.1" 200 624
"GET /api/v1/actifs/ HTTP/1.1" 200 839
"GET /api/v1/attributs-securite/5aa18c9b-eb71-497f-84bc-f55ae9b7ab67/ HTTP/1.1" 200 2854
"GET /api/v1/attributs-securite/5aa18c9b-eb71-497f-84bc-f55ae9b7ab67/menaces/ HTTP/1.1" 200 2277
"OPTIONS /api/v1/attributs-securite/5aa18c9b-eb71-497f-84bc-f55ae9b7ab67/rapport_complet/ HTTP/1.1" 200 0
Not Found: /api/v1/attributs-securite/5aa18c9b-eb71-497f-84bc-f55ae9b7ab67/rapport_complet/
"GET /api/v1/attributs-securite/5aa18c9b-eb71-497f-84bc-f55ae9b7ab67/rapport_complet/ HTTP/1.1" 404 46734
"GET /api/v1/attributs-securite/5aa18c9b-eb71-497f-84bc-f55ae9b7ab67/ HTTP/1.1" 200 2854
"GET /api/v1/attributs-securite/5aa18c9b-eb71-497f-84bc-f55ae9b7ab67/menaces/ HTTP/1.1" 200 2277
"GET /api/v1/types-actifs/ HTTP/1.1" 200 621
"GET /api/v1/actifs/150b4e03-3b47-4455-8b9e-21c07f00226c/attributs_securite/ HTTP/1.1" 200 690
"GET /api/v1/actifs/150b4e03-3b47-4455-8b9e-21c07f00226c/ HTTP/1.1" 200 1165
"GET /api/v1/architectures/bcf66a9a-925b-4a8e-86a7-e81f8e84fc28/ HTTP/1.1" 200 1177
"GET /api/v1/actifs/150b4e03-3b47-4455-8b9e-21c07f00226c/attributs_securite/ HTTP/1.1" 200 690
"GET /api/v1/types-actifs/ HTTP/1.1" 200 621
"GET /api/v1/actifs/?architecture=bcf66a9a-925b-4a8e-86a7-e81f8e84fc28 HTTP/1.1" 200 839
"GET /api/v1/architectures/bcf66a9a-925b-4a8e-86a7-e81f8e84fc28/ HTTP/1.1" 200 1177
"OPTIONS /api/v1/controles-nist/ HTTP/1.1" 200 0
"GET /api/v1/controles-nist/ HTTP/1.1" 200 52
"OPTIONS /api/v1/controles-nist/import/ HTTP/1.1" 200 0
Method Not Allowed: /api/v1/controles-nist/import/
"POST /api/v1/controles-nist/import/ HTTP/1.1" 405 50
"GET /api/v1/controles-nist/ HTTP/1.1" 200 52
Method Not Allowed: /api/v1/controles-nist/import/
"POST /api/v1/controles-nist/import/ HTTP/1.1" 405 50
Method Not Allowed: /api/v1/controles-nist/import/
"POST /api/v1/controles-nist/import/ HTTP/1.1" 405 50
Method Not Allowed: /api/v1/controles-nist/import/
"POST /api/v1/controles-nist/import/ HTTP/1.1" 405 50
Method Not Allowed: /api/v1/controles-nist/import/
"POST /api/v1/controles-nist/import/ HTTP/1.1" 405 50
"GET /api/v1/controles-nist/ HTTP/1.1" 200 52
Method Not Allowed: /api/v1/controles-nist/import/
"POST /api/v1/controles-nist/import/ HTTP/1.1" 405 50
"GET /api/v1/controles-nist/ HTTP/1.1" 200 52
"GET /api/v1/controles-nist/ HTTP/1.1" 200 52
Method Not Allowed: /api/v1/controles-nist/import/
"POST /api/v1/controles-nist/import/ HTTP/1.1" 405 50
Method Not Allowed: /api/v1/controles-nist/import/
"POST /api/v1/controles-nist/import/ HTTP/1.1" 405 50
"GET /api/v1/controles-nist/ HTTP/1.1" 200 52
"OPTIONS /api/v1/architectures/ HTTP/1.1" 200 0
"GET /api/v1/architectures/ HTTP/1.1" 200 643
"OPTIONS /api/v1/dashboard/statistiques_globales/ HTTP/1.1" 200 0
"GET /api/v1/dashboard/statistiques_globales/ HTTP/1.1" 200 525
"OPTIONS /api/v1/architectures/bcf66a9a-925b-4a8e-86a7-e81f8e84fc28/ HTTP/1.1" 200 0
"OPTIONS /api/v1/actifs/?architecture=bcf66a9a-925b-4a8e-86a7-e81f8e84fc28 HTTP/1.1" 200 0
"OPTIONS /api/v1/types-actifs/ HTTP/1.1" 200 0
"GET /api/v1/types-actifs/ HTTP/1.1" 200 621
"GET /api/v1/architectures/bcf66a9a-925b-4a8e-86a7-e81f8e84fc28/ HTTP/1.1" 200 1177
"GET /api/v1/actifs/?architecture=bcf66a9a-925b-4a8e-86a7-e81f8e84fc28 HTTP/1.1" 200 839
"OPTIONS /api/v1/actifs/ HTTP/1.1" 200 0
"POST /api/v1/actifs/ HTTP/1.1" 201 228
"GET /api/v1/actifs/?architecture=bcf66a9a-925b-4a8e-86a7-e81f8e84fc28 HTTP/1.1" 200 1233
"OPTIONS /api/v1/actifs/8c377b2d-25ad-42c3-b1fe-6ad1ef9c469b/attributs_securite/ HTTP/1.1" 200 0
"OPTIONS /api/v1/actifs/8c377b2d-25ad-42c3-b1fe-6ad1ef9c469b/ HTTP/1.1" 200 0
"GET /api/v1/actifs/8c377b2d-25ad-42c3-b1fe-6ad1ef9c469b/attributs_securite/ HTTP/1.1" 200 2
"GET /api/v1/actifs/8c377b2d-25ad-42c3-b1fe-6ad1ef9c469b/ HTTP/1.1" 200 484
"GET /api/v1/types-actifs/ HTTP/1.1" 200 621
"GET /api/v1/architectures/bcf66a9a-925b-4a8e-86a7-e81f8e84fc28/ HTTP/1.1" 200 1581
"GET /api/v1/actifs/8c377b2d-25ad-42c3-b1fe-6ad1ef9c469b/attributs_securite/ HTTP/1.1" 200 2
Bad Request: /api/v1/actifs/8c377b2d-25ad-42c3-b1fe-6ad1ef9c469b/
"PUT /api/v1/actifs/8c377b2d-25ad-42c3-b1fe-6ad1ef9c469b/ HTTP/1.1" 400 46
Bad Request: /api/v1/actifs/8c377b2d-25ad-42c3-b1fe-6ad1ef9c469b/
"PUT /api/v1/actifs/8c377b2d-25ad-42c3-b1fe-6ad1ef9c469b/ HTTP/1.1" 400 46
"GET /api/v1/types-actifs/ HTTP/1.1" 200 621
"GET /api/v1/actifs/?architecture=bcf66a9a-925b-4a8e-86a7-e81f8e84fc28 HTTP/1.1" 200 1233
"GET /api/v1/architectures/bcf66a9a-925b-4a8e-86a7-e81f8e84fc28/ HTTP/1.1" 200 1581
"GET /api/v1/types-actifs/ HTTP/1.1" 200 621
"GET /api/v1/actifs/8c377b2d-25ad-42c3-b1fe-6ad1ef9c469b/ HTTP/1.1" 200 484
"GET /api/v1/actifs/8c377b2d-25ad-42c3-b1fe-6ad1ef9c469b/attributs_securite/ HTTP/1.1" 200 2
"GET /api/v1/architectures/bcf66a9a-925b-4a8e-86a7-e81f8e84fc28/ HTTP/1.1" 200 1581
"GET /api/v1/actifs/8c377b2d-25ad-42c3-b1fe-6ad1ef9c469b/attributs_securite/ HTTP/1.1" 200 2
"GET /api/v1/types-actifs/ HTTP/1.1" 200 621
"GET /api/v1/architectures/bcf66a9a-925b-4a8e-86a7-e81f8e84fc28/ HTTP/1.1" 200 1581
"GET /api/v1/actifs/?architecture=bcf66a9a-925b-4a8e-86a7-e81f8e84fc28 HTTP/1.1" 200 1233
"OPTIONS /api/v1/actifs/1bbfd33c-c6ce-4d6d-89c8-dffbbb41585c/ HTTP/1.1" 200 0
"OPTIONS /api/v1/actifs/1bbfd33c-c6ce-4d6d-89c8-dffbbb41585c/attributs_securite/ HTTP/1.1" 200 0
"GET /api/v1/types-actifs/ HTTP/1.1" 200 621
"GET /api/v1/actifs/1bbfd33c-c6ce-4d6d-89c8-dffbbb41585c/attributs_securite/ HTTP/1.1" 200 1085
"GET /api/v1/actifs/1bbfd33c-c6ce-4d6d-89c8-dffbbb41585c/ HTTP/1.1" 200 1574
"GET /api/v1/architectures/bcf66a9a-925b-4a8e-86a7-e81f8e84fc28/ HTTP/1.1" 200 1581
"GET /api/v1/actifs/1bbfd33c-c6ce-4d6d-89c8-dffbbb41585c/attributs_securite/ HTTP/1.1" 200 1085
"GET /api/v1/types-actifs/ HTTP/1.1" 200 621
"GET /api/v1/architectures/bcf66a9a-925b-4a8e-86a7-e81f8e84fc28/ HTTP/1.1" 200 1581
"GET /api/v1/actifs/?architecture=bcf66a9a-925b-4a8e-86a7-e81f8e84fc28 HTTP/1.1" 200 1233
"GET /api/v1/types-actifs/ HTTP/1.1" 200 621
"GET /api/v1/actifs/ HTTP/1.1" 200 1233
"GET /api/v1/architectures/ HTTP/1.1" 200 643
"GET /api/v1/architectures/ HTTP/1.1" 200 643
"GET /api/v1/dashboard/statistiques_globales/ HTTP/1.1" 200 535
"GET /api/v1/types-actifs/ HTTP/1.1" 200 621
"GET /api/v1/actifs/?architecture=bcf66a9a-925b-4a8e-86a7-e81f8e84fc28 HTTP/1.1" 200 1233
"GET /api/v1/architectures/bcf66a9a-925b-4a8e-86a7-e81f8e84fc28/ HTTP/1.1" 200 1581
"GET /api/v1/types-actifs/ HTTP/1.1" 200 621
"GET /api/v1/actifs/1bbfd33c-c6ce-4d6d-89c8-dffbbb41585c/attributs_securite/ HTTP/1.1" 200 1085
"GET /api/v1/actifs/1bbfd33c-c6ce-4d6d-89c8-dffbbb41585c/ HTTP/1.1" 200 1574
"GET /api/v1/architectures/bcf66a9a-925b-4a8e-86a7-e81f8e84fc28/ HTTP/1.1" 200 1581
"GET /api/v1/actifs/1bbfd33c-c6ce-4d6d-89c8-dffbbb41585c/attributs_securite/ HTTP/1.1" 200 1085
"GET /api/v1/types-actifs/ HTTP/1.1" 200 621
"GET /api/v1/actifs/?architecture=bcf66a9a-925b-4a8e-86a7-e81f8e84fc28 HTTP/1.1" 200 1233
"GET /api/v1/architectures/bcf66a9a-925b-4a8e-86a7-e81f8e84fc28/ HTTP/1.1" 200 1581
"OPTIONS /api/v1/architectures/ HTTP/1.1" 200 0
"GET /api/v1/architectures/ HTTP/1.1" 200 643
"OPTIONS /api/v1/dashboard/statistiques_globales/ HTTP/1.1" 200 0
"GET /api/v1/dashboard/statistiques_globales/ HTTP/1.1" 200 535
"OPTIONS /api/v1/architectures/bcf66a9a-925b-4a8e-86a7-e81f8e84fc28/ HTTP/1.1" 200 0
"OPTIONS /api/v1/actifs/?architecture=bcf66a9a-925b-4a8e-86a7-e81f8e84fc28 HTTP/1.1" 200 0
"OPTIONS /api/v1/types-actifs/ HTTP/1.1" 200 0
"GET /api/v1/types-actifs/ HTTP/1.1" 200 621
"GET /api/v1/actifs/?architecture=bcf66a9a-925b-4a8e-86a7-e81f8e84fc28 HTTP/1.1" 200 1233
"GET /api/v1/architectures/bcf66a9a-925b-4a8e-86a7-e81f8e84fc28/ HTTP/1.1" 200 1581
"GET /api/v1/types-actifs/ HTTP/1.1" 200 621
"GET /api/v1/actifs/?architecture=bcf66a9a-925b-4a8e-86a7-e81f8e84fc28 HTTP/1.1" 200 1233
"GET /api/v1/architectures/bcf66a9a-925b-4a8e-86a7-e81f8e84fc28/ HTTP/1.1" 200 1581
"GET /api/v1/types-actifs/ HTTP/1.1" 200 621
"GET /api/v1/actifs/?architecture=bcf66a9a-925b-4a8e-86a7-e81f8e84fc28 HTTP/1.1" 200 1233
"GET /api/v1/architectures/bcf66a9a-925b-4a8e-86a7-e81f8e84fc28/ HTTP/1.1" 200 1581
"OPTIONS /api/v1/actifs/8c377b2d-25ad-42c3-b1fe-6ad1ef9c469b/ HTTP/1.1" 200 0
"OPTIONS /api/v1/actifs/8c377b2d-25ad-42c3-b1fe-6ad1ef9c469b/attributs_securite/ HTTP/1.1" 200 0
"GET /api/v1/types-actifs/ HTTP/1.1" 200 621
"GET /api/v1/actifs/8c377b2d-25ad-42c3-b1fe-6ad1ef9c469b/attributs_securite/ HTTP/1.1" 200 2
"GET /api/v1/actifs/8c377b2d-25ad-42c3-b1fe-6ad1ef9c469b/ HTTP/1.1" 200 484
"GET /api/v1/architectures/bcf66a9a-925b-4a8e-86a7-e81f8e84fc28/ HTTP/1.1" 200 1581
"GET /api/v1/actifs/8c377b2d-25ad-42c3-b1fe-6ad1ef9c469b/attributs_securite/ HTTP/1.1" 200 2
"GET /api/v1/actifs/?architecture=bcf66a9a-925b-4a8e-86a7-e81f8e84fc28 HTTP/1.1" 200 1233
"GET /api/v1/architectures/bcf66a9a-925b-4a8e-86a7-e81f8e84fc28/ HTTP/1.1" 200 1581
"GET /api/v1/types-actifs/ HTTP/1.1" 200 621
"OPTIONS /api/v1/actifs/1bbfd33c-c6ce-4d6d-89c8-dffbbb41585c/ HTTP/1.1" 200 0
"OPTIONS /api/v1/actifs/1bbfd33c-c6ce-4d6d-89c8-dffbbb41585c/attributs_securite/ HTTP/1.1" 200 0
"GET /api/v1/types-actifs/ HTTP/1.1" 200 621
"GET /api/v1/actifs/1bbfd33c-c6ce-4d6d-89c8-dffbbb41585c/attributs_securite/ HTTP/1.1" 200 1085
"GET /api/v1/actifs/1bbfd33c-c6ce-4d6d-89c8-dffbbb41585c/ HTTP/1.1" 200 1574
"GET /api/v1/architectures/bcf66a9a-925b-4a8e-86a7-e81f8e84fc28/ HTTP/1.1" 200 1581
"GET /api/v1/actifs/1bbfd33c-c6ce-4d6d-89c8-dffbbb41585c/attributs_securite/ HTTP/1.1" 200 1085
"GET /api/v1/types-actifs/ HTTP/1.1" 200 621
"GET /api/v1/actifs/1bbfd33c-c6ce-4d6d-89c8-dffbbb41585c/attributs_securite/ HTTP/1.1" 200 1085
"GET /api/v1/actifs/1bbfd33c-c6ce-4d6d-89c8-dffbbb41585c/ HTTP/1.1" 200 1574
"GET /api/v1/architectures/bcf66a9a-925b-4a8e-86a7-e81f8e84fc28/ HTTP/1.1" 200 1581
"GET /api/v1/actifs/1bbfd33c-c6ce-4d6d-89c8-dffbbb41585c/attributs_securite/ HTTP/1.1" 200 1085
"OPTIONS /api/v1/attributs-securite/fc69e202-3e78-4f1e-a21f-2a8acee329cd/ HTTP/1.1" 200 0
"OPTIONS /api/v1/actifs/ HTTP/1.1" 200 0
"GET /api/v1/actifs/ HTTP/1.1" 200 1233
"GET /api/v1/attributs-securite/fc69e202-3e78-4f1e-a21f-2a8acee329cd/ HTTP/1.1" 200 2979
"OPTIONS /api/v1/attributs-securite/fc69e202-3e78-4f1e-a21f-2a8acee329cd/menaces/ HTTP/1.1" 200 0
"GET /api/v1/attributs-securite/fc69e202-3e78-4f1e-a21f-2a8acee329cd/menaces/ HTTP/1.1" 200 2373
"GET /api/v1/actifs/ HTTP/1.1" 200 1233
"GET /api/v1/attributs-securite/fc69e202-3e78-4f1e-a21f-2a8acee329cd/ HTTP/1.1" 200 2979
"GET /api/v1/attributs-securite/fc69e202-3e78-4f1e-a21f-2a8acee329cd/menaces/ HTTP/1.1" 200 2373
"OPTIONS /api/v1/menaces/092de04f-0298-4a73-831f-d5d805d3009e/vue_complete/ HTTP/1.1" 200 0
"GET /api/v1/menaces/092de04f-0298-4a73-831f-d5d805d3009e/vue_complete/ HTTP/1.1" 200 649
"GET /api/v1/actifs/ HTTP/1.1" 200 1233
"GET /api/v1/attributs-securite/fc69e202-3e78-4f1e-a21f-2a8acee329cd/ HTTP/1.1" 200 2979
"GET /api/v1/attributs-securite/fc69e202-3e78-4f1e-a21f-2a8acee329cd/menaces/ HTTP/1.1" 200 2373
"GET /api/v1/types-actifs/ HTTP/1.1" 200 621
"GET /api/v1/actifs/1bbfd33c-c6ce-4d6d-89c8-dffbbb41585c/attributs_securite/ HTTP/1.1" 200 1085
"GET /api/v1/actifs/1bbfd33c-c6ce-4d6d-89c8-dffbbb41585c/ HTTP/1.1" 200 1574
"GET /api/v1/architectures/bcf66a9a-925b-4a8e-86a7-e81f8e84fc28/ HTTP/1.1" 200 1581
"GET /api/v1/actifs/1bbfd33c-c6ce-4d6d-89c8-dffbbb41585c/attributs_securite/ HTTP/1.1" 200 1085
"GET /api/v1/types-actifs/ HTTP/1.1" 200 621
"GET /api/v1/actifs/1bbfd33c-c6ce-4d6d-89c8-dffbbb41585c/attributs_securite/ HTTP/1.1" 200 1085
"GET /api/v1/actifs/1bbfd33c-c6ce-4d6d-89c8-dffbbb41585c/ HTTP/1.1" 200 1574
"GET /api/v1/architectures/bcf66a9a-925b-4a8e-86a7-e81f8e84fc28/ HTTP/1.1" 200 1581
"GET /api/v1/actifs/1bbfd33c-c6ce-4d6d-89c8-dffbbb41585c/attributs_securite/ HTTP/1.1" 200 1085
"GET /api/v1/attributs-securite/fc69e202-3e78-4f1e-a21f-2a8acee329cd/ HTTP/1.1" 200 2979
"GET /api/v1/actifs/ HTTP/1.1" 200 1233
"GET /api/v1/attributs-securite/fc69e202-3e78-4f1e-a21f-2a8acee329cd/menaces/ HTTP/1.1" 200 2373
"GET /api/v1/menaces/092de04f-0298-4a73-831f-d5d805d3009e/vue_complete/ HTTP/1.1" 200 649
"GET /api/v1/actifs/ HTTP/1.1" 200 1233
"GET /api/v1/attributs-securite/fc69e202-3e78-4f1e-a21f-2a8acee329cd/ HTTP/1.1" 200 2979
"GET /api/v1/attributs-securite/fc69e202-3e78-4f1e-a21f-2a8acee329cd/menaces/ HTTP/1.1" 200 2373
"GET /api/v1/actifs/ HTTP/1.1" 200 1233
"GET /api/v1/attributs-securite/fc69e202-3e78-4f1e-a21f-2a8acee329cd/ HTTP/1.1" 200 2979
"GET /api/v1/attributs-securite/fc69e202-3e78-4f1e-a21f-2a8acee329cd/menaces/ HTTP/1.1" 200 2373
"GET /api/v1/actifs/ HTTP/1.1" 200 1233
"GET /api/v1/attributs-securite/fc69e202-3e78-4f1e-a21f-2a8acee329cd/ HTTP/1.1" 200 2979
"GET /api/v1/attributs-securite/fc69e202-3e78-4f1e-a21f-2a8acee329cd/menaces/ HTTP/1.1" 200 2373
"OPTIONS /api/v1/attribut-menace/18c36e5f-facf-44c0-b610-9c5a1d1529db/ HTTP/1.1" 200 0
Not Found: /api/v1/attribut-menace/18c36e5f-facf-44c0-b610-9c5a1d1529db/
"PUT /api/v1/attribut-menace/18c36e5f-facf-44c0-b610-9c5a1d1529db/ HTTP/1.1" 404 46677
Not Found: /api/v1/attribut-menace/18c36e5f-facf-44c0-b610-9c5a1d1529db/
"PUT /api/v1/attribut-menace/18c36e5f-facf-44c0-b610-9c5a1d1529db/ HTTP/1.1" 404 46677
Not Found: /api/v1/attribut-menace/18c36e5f-facf-44c0-b610-9c5a1d1529db/
"PUT /api/v1/attribut-menace/18c36e5f-facf-44c0-b610-9c5a1d1529db/ HTTP/1.1" 404 46677
"GET /api/v1/attributs-securite/fc69e202-3e78-4f1e-a21f-2a8acee329cd/ HTTP/1.1" 200 2979
"GET /api/v1/attributs-securite/fc69e202-3e78-4f1e-a21f-2a8acee329cd/menaces/ HTTP/1.1" 200 2373
"OPTIONS /api/v1/attributs-securite/fc69e202-3e78-4f1e-a21f-2a8acee329cd/creer_menace/ HTTP/1.1" 200 0
"POST /api/v1/attributs-securite/fc69e202-3e78-4f1e-a21f-2a8acee329cd/creer_menace/ HTTP/1.1" 201 822
"GET /api/v1/attributs-securite/fc69e202-3e78-4f1e-a21f-2a8acee329cd/menaces/ HTTP/1.1" 200 3586
"GET /api/v1/actifs/ HTTP/1.1" 200 1233
"GET /api/v1/attributs-securite/fc69e202-3e78-4f1e-a21f-2a8acee329cd/ HTTP/1.1" 200 4192
"GET /api/v1/attributs-securite/fc69e202-3e78-4f1e-a21f-2a8acee329cd/menaces/ HTTP/1.1" 200 3586
"GET /api/v1/menaces/092de04f-0298-4a73-831f-d5d805d3009e/vue_complete/ HTTP/1.1" 200 649
"GET /api/v1/actifs/ HTTP/1.1" 200 1233
"GET /api/v1/attributs-securite/fc69e202-3e78-4f1e-a21f-2a8acee329cd/ HTTP/1.1" 200 4192
"GET /api/v1/attributs-securite/fc69e202-3e78-4f1e-a21f-2a8acee329cd/menaces/ HTTP/1.1" 200 3586
"GET /api/v1/types-actifs/ HTTP/1.1" 200 621
"GET /api/v1/actifs/1bbfd33c-c6ce-4d6d-89c8-dffbbb41585c/attributs_securite/ HTTP/1.1" 200 1085
"GET /api/v1/actifs/1bbfd33c-c6ce-4d6d-89c8-dffbbb41585c/ HTTP/1.1" 200 1574
"GET /api/v1/architectures/bcf66a9a-925b-4a8e-86a7-e81f8e84fc28/ HTTP/1.1" 200 1581
"GET /api/v1/actifs/1bbfd33c-c6ce-4d6d-89c8-dffbbb41585c/attributs_securite/ HTTP/1.1" 200 1085
"GET /api/v1/types-actifs/ HTTP/1.1" 200 621
"GET /api/v1/actifs/?architecture=bcf66a9a-925b-4a8e-86a7-e81f8e84fc28 HTTP/1.1" 200 1233
"GET /api/v1/architectures/bcf66a9a-925b-4a8e-86a7-e81f8e84fc28/ HTTP/1.1" 200 1581
"GET /api/v1/types-actifs/ HTTP/1.1" 200 621
"GET /api/v1/actifs/1bbfd33c-c6ce-4d6d-89c8-dffbbb41585c/ HTTP/1.1" 200 1574
"GET /api/v1/actifs/1bbfd33c-c6ce-4d6d-89c8-dffbbb41585c/attributs_securite/ HTTP/1.1" 200 1085
"GET /api/v1/architectures/bcf66a9a-925b-4a8e-86a7-e81f8e84fc28/ HTTP/1.1" 200 1581
"GET /api/v1/actifs/1bbfd33c-c6ce-4d6d-89c8-dffbbb41585c/attributs_securite/ HTTP/1.1" 200 1085
"GET /api/v1/types-actifs/ HTTP/1.1" 200 621
"GET /api/v1/actifs/1bbfd33c-c6ce-4d6d-89c8-dffbbb41585c/attributs_securite/ HTTP/1.1" 200 1085
"GET /api/v1/actifs/1bbfd33c-c6ce-4d6d-89c8-dffbbb41585c/ HTTP/1.1" 200 1574
"GET /api/v1/architectures/bcf66a9a-925b-4a8e-86a7-e81f8e84fc28/ HTTP/1.1" 200 1581
"GET /api/v1/actifs/1bbfd33c-c6ce-4d6d-89c8-dffbbb41585c/attributs_securite/ HTTP/1.1" 200 1085
"GET /api/v1/actifs/ HTTP/1.1" 200 1233
"GET /api/v1/attributs-securite/fc69e202-3e78-4f1e-a21f-2a8acee329cd/ HTTP/1.1" 200 4192
"GET /api/v1/attributs-securite/fc69e202-3e78-4f1e-a21f-2a8acee329cd/menaces/ HTTP/1.1" 200 3586
